

replace_policy:FIFO
cache_index:256, associative:1
hit:719037, miss:280965
0:  0:  valid:1, tag:537	
1:  0:  valid:1, tag:537	
2:  0:  valid:1, tag:538	
3:  0:  valid:1, tag:538	
4:  0:  valid:1, tag:538	
5:  0:  valid:1, tag:537	
6:  0:  valid:1, tag:532	
7:  0:  valid:1, tag:532	
8:  0:  valid:1, tag:579	
9:  0:  valid:1, tag:579	
10:  0:  valid:1, tag:579	
11:  0:  valid:1, tag:579	
12:  0:  valid:1, tag:579	
13:  0:  valid:1, tag:537	
14:  0:  valid:1, tag:537	
15:  0:  valid:1, tag:537	
16:  0:  valid:1, tag:537	
17:  0:  valid:1, tag:537	
18:  0:  valid:1, tag:537	
19:  0:  valid:1, tag:537	
20:  0:  valid:1, tag:538	
21:  0:  valid:1, tag:538	
22:  0:  valid:1, tag:538	
23:  0:  valid:1, tag:532	
24:  0:  valid:1, tag:537	
25:  0:  valid:1, tag:537	
26:  0:  valid:1, tag:537	
27:  0:  valid:1, tag:537	
28:  0:  valid:1, tag:537	
29:  0:  valid:1, tag:542	
30:  0:  valid:1, tag:542	
31:  0:  valid:1, tag:542	
32:  0:  valid:1, tag:542	
33:  0:  valid:1, tag:542	
34:  0:  valid:1, tag:542	
35:  0:  valid:1, tag:530	
36:  0:  valid:1, tag:530	
37:  0:  valid:1, tag:530	
38:  0:  valid:1, tag:530	
39:  0:  valid:1, tag:542	
40:  0:  valid:1, tag:542	
41:  0:  valid:1, tag:542	
42:  0:  valid:1, tag:542	
43:  0:  valid:1, tag:542	
44:  0:  valid:1, tag:542	
45:  0:  valid:1, tag:542	
46:  0:  valid:1, tag:542	
47:  0:  valid:1, tag:530	
48:  0:  valid:1, tag:542	
49:  0:  valid:1, tag:542	
50:  0:  valid:1, tag:532	
51:  0:  valid:1, tag:529	
52:  0:  valid:1, tag:529	
53:  0:  valid:1, tag:529	
54:  0:  valid:1, tag:529	
55:  0:  valid:1, tag:529	
56:  0:  valid:1, tag:529	
57:  0:  valid:1, tag:529	
58:  0:  valid:1, tag:529	
59:  0:  valid:1, tag:529	
60:  0:  valid:1, tag:532	
61:  0:  valid:1, tag:527	
62:  0:  valid:1, tag:527	
63:  0:  valid:1, tag:527	
64:  0:  valid:1, tag:529	
65:  0:  valid:1, tag:527	
66:  0:  valid:1, tag:527	
67:  0:  valid:1, tag:542	
68:  0:  valid:1, tag:542	
69:  0:  valid:1, tag:527	
70:  0:  valid:1, tag:527	
71:  0:  valid:1, tag:527	
72:  0:  valid:1, tag:529	
73:  0:  valid:1, tag:529	
74:  0:  valid:1, tag:512	
75:  0:  valid:1, tag:512	
76:  0:  valid:1, tag:567	
77:  0:  valid:1, tag:529	
78:  0:  valid:1, tag:530	
79:  0:  valid:1, tag:530	
80:  0:  valid:1, tag:532	
81:  0:  valid:1, tag:532	
82:  0:  valid:1, tag:532	
83:  0:  valid:1, tag:532	
84:  0:  valid:1, tag:543	
85:  0:  valid:1, tag:543	
86:  0:  valid:1, tag:532	
87:  0:  valid:1, tag:532	
88:  0:  valid:1, tag:515	
89:  0:  valid:1, tag:530	
90:  0:  valid:1, tag:530	
91:  0:  valid:1, tag:530	
92:  0:  valid:1, tag:530	
93:  0:  valid:1, tag:532	
94:  0:  valid:1, tag:532	
95:  0:  valid:1, tag:532	
96:  0:  valid:1, tag:532	
97:  0:  valid:1, tag:532	
98:  0:  valid:1, tag:579	
99:  0:  valid:1, tag:532	
100:  0:  valid:1, tag:532	
101:  0:  valid:1, tag:542	
102:  0:  valid:1, tag:532	
103:  0:  valid:1, tag:532	
104:  0:  valid:1, tag:532	
105:  0:  valid:1, tag:532	
106:  0:  valid:1, tag:542	
107:  0:  valid:1, tag:532	
108:  0:  valid:1, tag:531	
109:  0:  valid:1, tag:513	
110:  0:  valid:1, tag:513	
111:  0:  valid:1, tag:532	
112:  0:  valid:1, tag:530	
113:  0:  valid:1, tag:530	
114:  0:  valid:1, tag:529	
115:  0:  valid:1, tag:530	
116:  0:  valid:1, tag:513	
117:  0:  valid:1, tag:530	
118:  0:  valid:1, tag:528	
119:  0:  valid:1, tag:528	
120:  0:  valid:1, tag:528	
121:  0:  valid:1, tag:530	
122:  0:  valid:1, tag:530	
123:  0:  valid:1, tag:530	
124:  0:  valid:1, tag:528	
125:  0:  valid:1, tag:528	
126:  0:  valid:1, tag:528	
127:  0:  valid:1, tag:530	
128:  0:  valid:1, tag:521	
129:  0:  valid:1, tag:521	
130:  0:  valid:1, tag:528	
131:  0:  valid:1, tag:528	
132:  0:  valid:1, tag:521	
133:  0:  valid:1, tag:515	
134:  0:  valid:1, tag:528	
135:  0:  valid:1, tag:528	
136:  0:  valid:1, tag:528	
137:  0:  valid:1, tag:528	
138:  0:  valid:1, tag:528	
139:  0:  valid:1, tag:532	
140:  0:  valid:1, tag:530	
141:  0:  valid:1, tag:529	
142:  0:  valid:1, tag:529	
143:  0:  valid:1, tag:526	
144:  0:  valid:1, tag:529	
145:  0:  valid:1, tag:529	
146:  0:  valid:1, tag:513	
147:  0:  valid:1, tag:513	
148:  0:  valid:1, tag:521	
149:  0:  valid:1, tag:521	
150:  0:  valid:1, tag:516	
151:  0:  valid:1, tag:516	
152:  0:  valid:1, tag:531	
153:  0:  valid:1, tag:531	
154:  0:  valid:1, tag:531	
155:  0:  valid:1, tag:531	
156:  0:  valid:1, tag:521	
157:  0:  valid:1, tag:531	
158:  0:  valid:1, tag:542	
159:  0:  valid:1, tag:542	
160:  0:  valid:1, tag:542	
161:  0:  valid:1, tag:542	
162:  0:  valid:1, tag:531	
163:  0:  valid:1, tag:542	
164:  0:  valid:1, tag:542	
165:  0:  valid:1, tag:542	
166:  0:  valid:1, tag:542	
167:  0:  valid:1, tag:542	
168:  0:  valid:1, tag:531	
169:  0:  valid:1, tag:531	
170:  0:  valid:1, tag:531	
171:  0:  valid:1, tag:531	
172:  0:  valid:1, tag:523	
173:  0:  valid:1, tag:521	
174:  0:  valid:1, tag:531	
175:  0:  valid:1, tag:531	
176:  0:  valid:1, tag:544	
177:  0:  valid:1, tag:544	
178:  0:  valid:1, tag:544	
179:  0:  valid:1, tag:531	
180:  0:  valid:1, tag:531	
181:  0:  valid:1, tag:531	
182:  0:  valid:1, tag:531	
183:  0:  valid:1, tag:531	
184:  0:  valid:1, tag:531	
185:  0:  valid:1, tag:531	
186:  0:  valid:1, tag:523	
187:  0:  valid:1, tag:531	
188:  0:  valid:1, tag:531	
189:  0:  valid:1, tag:531	
190:  0:  valid:1, tag:531	
191:  0:  valid:1, tag:523	
192:  0:  valid:1, tag:523	
193:  0:  valid:1, tag:523	
194:  0:  valid:1, tag:523	
195:  0:  valid:1, tag:531	
196:  0:  valid:1, tag:531	
197:  0:  valid:1, tag:531	
198:  0:  valid:1, tag:531	
199:  0:  valid:1, tag:514	
200:  0:  valid:1, tag:542	
201:  0:  valid:1, tag:542	
202:  0:  valid:1, tag:517	
203:  0:  valid:1, tag:531	
204:  0:  valid:1, tag:531	
205:  0:  valid:1, tag:515	
206:  0:  valid:1, tag:542	
207:  0:  valid:1, tag:542	
208:  0:  valid:1, tag:531	
209:  0:  valid:1, tag:531	
210:  0:  valid:1, tag:542	
211:  0:  valid:1, tag:542	
212:  0:  valid:1, tag:542	
213:  0:  valid:1, tag:542	
214:  0:  valid:1, tag:531	
215:  0:  valid:1, tag:531	
216:  0:  valid:1, tag:531	
217:  0:  valid:1, tag:531	
218:  0:  valid:1, tag:531	
219:  0:  valid:1, tag:531	
220:  0:  valid:1, tag:523	
221:  0:  valid:1, tag:529	
222:  0:  valid:1, tag:531	
223:  0:  valid:1, tag:531	
224:  0:  valid:1, tag:536	
225:  0:  valid:1, tag:536	
226:  0:  valid:1, tag:536	
227:  0:  valid:1, tag:536	
228:  0:  valid:1, tag:536	
229:  0:  valid:1, tag:536	
230:  0:  valid:1, tag:531	
231:  0:  valid:1, tag:531	
232:  0:  valid:1, tag:531	
233:  0:  valid:1, tag:531	
234:  0:  valid:1, tag:537	
235:  0:  valid:1, tag:529	
236:  0:  valid:1, tag:531	
237:  0:  valid:1, tag:536	
238:  0:  valid:1, tag:537	
239:  0:  valid:1, tag:536	
240:  0:  valid:1, tag:536	
241:  0:  valid:1, tag:531	
242:  0:  valid:1, tag:531	
243:  0:  valid:1, tag:516	
244:  0:  valid:1, tag:516	
245:  0:  valid:1, tag:516	
246:  0:  valid:1, tag:531	
247:  0:  valid:1, tag:537	
248:  0:  valid:1, tag:537	
249:  0:  valid:1, tag:537	
250:  0:  valid:1, tag:531	
251:  0:  valid:1, tag:531	
252:  0:  valid:1, tag:531	
253:  0:  valid:1, tag:515	
254:  0:  valid:1, tag:537	
255:  0:  valid:1, tag:537	
r_data_count:159631, w_data_count:83030
